<?xml version="1.0" encoding="UTF-8"?>
<testsuite name="com.superdriver.app.core.VerdictEngineTest" tests="3" skipped="0" failures="0" errors="0" timestamp="2026-09-19T12:33:00" hostname="runnervmlun5p" time="0.0">
  <properties/>
  <testcase name="customThresholds" classname="com.superdriver.app.core.VerdictEngineTest" time="0.0"/>
  <testcase name="defaultThresholds" classname="com.superdriver.app.core.VerdictEngineTest" time="0.0"/>
  <testcase name="theExampleFromTheSpec" classname="com.superdriver.app.core.VerdictEngineTest" time="0.0"/>
  <system-out><![CDATA[]]></system-out>
  <system-err><![CDATA[]]></system-err>
</testsuite>
