<?xml version="1.0" encoding="UTF-8"?>
<testsuite name="com.superdriver.app.core.TripOfferParserTest" tests="34" skipped="0" failures="0" errors="0" timestamp="2026-09-19T12:25:08" hostname="runnervmlun5p" time="0.102">
  <properties/>
  <testcase name="arabicCurrencyAfterNumberAndSpelledOut" classname="com.superdriver.app.core.TripOfferParserTest" time="0.041"/>
  <testcase name="offerKeyChangesWhenTheOfferChanges" classname="com.superdriver.app.core.TripOfferParserTest" time="0.005"/>
  <testcase name="bonusLineIsNotTheFare" classname="com.superdriver.app.core.TripOfferParserTest" time="0.003"/>
  <testcase name="ourOwnOverlayIsNeverParsed" classname="com.superdriver.app.core.TripOfferParserTest" time="0.002"/>
  <testcase name="englishPickupAndDropoffLabels" classname="com.superdriver.app.core.TripOfferParserTest" time="0.002"/>
  <testcase name="valueAndUnitSplitAcrossViewsAreRejoined" classname="com.superdriver.app.core.TripOfferParserTest" time="0.002"/>
  <testcase name="arabicClassicCard" classname="com.superdriver.app.core.TripOfferParserTest" time="0.005"/>
  <testcase name="arabicLabelledLegs" classname="com.superdriver.app.core.TripOfferParserTest" time="0.002"/>
  <testcase name="otherCurrenciesAreNeverAccepted" classname="com.superdriver.app.core.TripOfferParserTest" time="0.002"/>
  <testcase name="pickupBracketFormWithArabicDigits" classname="com.superdriver.app.core.TripOfferParserTest" time="0.002"/>
  <testcase name="whenNothingIsNamedTheBiggestAmountWins" classname="com.superdriver.app.core.TripOfferParserTest" time="0.001"/>
  <testcase name="singleUnlabelledDistanceIsStillUsable" classname="com.superdriver.app.core.TripOfferParserTest" time="0.002"/>
  <testcase name="priceSplitAcrossThreeViews" classname="com.superdriver.app.core.TripOfferParserTest" time="0.002"/>
  <testcase name="arabicUnitBeforeValue" classname="com.superdriver.app.core.TripOfferParserTest" time="0.001"/>
  <testcase name="englishPriceSplitAcrossThreeViews" classname="com.superdriver.app.core.TripOfferParserTest" time="0.001"/>
  <testcase name="namedFareWinsOverOtherAmounts" classname="com.superdriver.app.core.TripOfferParserTest" time="0.002"/>
  <testcase name="englishEuropeanSeparators" classname="com.superdriver.app.core.TripOfferParserTest" time="0.002"/>
  <testcase name="englishPoundSignGluedToNumber" classname="com.superdriver.app.core.TripOfferParserTest" time="0.001"/>
  <testcase name="unsuitableArabicOffer" classname="com.superdriver.app.core.TripOfferParserTest" time="0.0"/>
  <testcase name="arabicThousandsAndDecimalSeparators" classname="com.superdriver.app.core.TripOfferParserTest" time="0.0"/>
  <testcase name="englishCurrencyAfterNumber" classname="com.superdriver.app.core.TripOfferParserTest" time="0.002"/>
  <testcase name="englishBothLegsOnOneLine" classname="com.superdriver.app.core.TripOfferParserTest" time="0.001"/>
  <testcase name="uberHomeScreenIsIgnored" classname="com.superdriver.app.core.TripOfferParserTest" time="0.0"/>
  <testcase name="fractionalDistance" classname="com.superdriver.app.core.TripOfferParserTest" time="0.001"/>
  <testcase name="englishClassicCard" classname="com.superdriver.app.core.TripOfferParserTest" time="0.002"/>
  <testcase name="walletAndEarningsLinesAreNotTheFare" classname="com.superdriver.app.core.TripOfferParserTest" time="0.001"/>
  <testcase name="arabicIndicDigits" classname="com.superdriver.app.core.TripOfferParserTest" time="0.001"/>
  <testcase name="incompleteScreensAreIgnored" classname="com.superdriver.app.core.TripOfferParserTest" time="0.003"/>
  <testcase name="arabicServiceNames" classname="com.superdriver.app.core.TripOfferParserTest" time="0.002"/>
  <testcase name="englishMetresAndWordUnits" classname="com.superdriver.app.core.TripOfferParserTest" time="0.001"/>
  <testcase name="arabicDistanceAndTimeOnTheSameLineIsNotReadTwice" classname="com.superdriver.app.core.TripOfferParserTest" time="0.001"/>
  <testcase name="metresAreConvertedToKilometres" classname="com.superdriver.app.core.TripOfferParserTest" time="0.002"/>
  <testcase name="ocrDigitConfusionsAreRepaired" classname="com.superdriver.app.core.TripOfferParserTest" time="0.0"/>
  <testcase name="thousandsSeparators" classname="com.superdriver.app.core.TripOfferParserTest" time="0.0"/>
  <system-out><![CDATA[]]></system-out>
  <system-err><![CDATA[]]></system-err>
</testsuite>
