<?xml version="1.0" encoding="UTF-8"?>
<testsuite name="com.superdriver.app.core.TextNormalizerTest" tests="4" skipped="0" failures="0" errors="0" timestamp="2026-09-19T12:33:00" hostname="runnervmlun5p" time="0.013">
  <properties/>
  <testcase name="numbersWithEitherSeparatorStyle" classname="com.superdriver.app.core.TextNormalizerTest" time="0.012"/>
  <testcase name="normalizationUnifiesLettersAndSeparators" classname="com.superdriver.app.core.TextNormalizerTest" time="0.001"/>
  <testcase name="nonNumbersAreRejected" classname="com.superdriver.app.core.TextNormalizerTest" time="0.0"/>
  <testcase name="arabicDigitsBecomeAsciiDigits" classname="com.superdriver.app.core.TextNormalizerTest" time="0.0"/>
  <system-out><![CDATA[]]></system-out>
  <system-err><![CDATA[]]></system-err>
</testsuite>
